#: test0
AL: 30
QTY: 3
SP: -216
EM: 0
CS: 0.0
Alignment:
CCGCACTCCTGTACTCCATCCAATGATTAC
AACTAAGTCCTAGCCCATGCGTCGGAGTAG
CGTTCGTAAAGCTAGAACCGTAGGTTGCCG

#: test1
AL: 32
QTY: 3
SP: -192
EM: 1
CS: 0.03125
Alignment:
GCCCTTCACTGGATGCATGTATCGGGATCT--
ACCCAACGGAGGTCGTGCAAGTACTCT-CAC-
T-TGTACATAAATTTACTGTGGTG-GGGTAGG

#: test2
AL: 31
QTY: 3
SP: -92
EM: 7
CS: 0.22580645161290322
Alignment:
AGATGCCCGACATACA-AAATAGCATGATCT
ACGGCGACCTATTTCT-GAACAACAACTGTT
ACACAACAAGCCTACCCGAATAACTTATCT-

#: test3
AL: 30
QTY: 3
SP: -208
EM: 1
CS: 0.03333333333333333
Alignment:
AATAGGACCACGCATTTAATATATATGCTC
GAGTCAGCTACTTGAAAACGCCTAGGGAGA
TTCGTTGTTA-ACTTCAGCTAAAGCAA-GA

#: test4
AL: 30
QTY: 3
SP: -168
EM: 2
CS: 0.06666666666666667
Alignment:
CGCCACATCGCTTCACCCCTAAACTTGTAC
AACACGAGTATGTGCAAACGACAACCCAAA
GAGTGATTGGTAGTGAAATGACGTACGTAC

#: test5
AL: 30
QTY: 3
SP: -104
EM: 5
CS: 0.16666666666666666
Alignment:
AGTCTCGACGCGACCACCGATTATGACATT
CCTTTGGCCATCAGGAAAGTAGGCCGCATA
TGTACCGTATCCGGCAGCGCAGATCCCCCG

#: test6
AL: 31
QTY: 3
SP: -220
EM: 2
CS: 0.06451612903225806
Alignment:
AGTAAAACGTAGTTATGCAGCTTAATAAAT-
CCAAACATAGTCCAGGCGGTTAGAGTG-GCC
AAGAGGTTTTGCC-CACCTTATGACAC-CGA

#: test7
AL: 31
QTY: 3
SP: -244
EM: 1
CS: 0.03225806451612903
Alignment:
AAATATTGCGACCATACTGACATACACCAC-
CTTTCCGCATAACCGTA-TACGCATTGACGT
GCGGCACCTAGGGGAAACGCGAGAAT--GGG

#: test8
AL: 30
QTY: 3
SP: -176
EM: 2
CS: 0.06666666666666667
Alignment:
ACTGATTTGGGGCGCTGAATACGCTCCCGA
TTTATAGTCATTGGCGTAGGCGCTAATGTC
CTGGTGGTTTCCGTCGTTTTTGCCAAACCG

#: test9
AL: 30
QTY: 3
SP: -168
EM: 2
CS: 0.06666666666666667
Alignment:
GTGGCAAACCGGCTACGTACTCCATTTTTC
AACCGTCTTTACCGCGCTTCTGGTGGGTTC
GCGAGTGAGAGCGTACTCGCGGCCCGCGCC

#: test10
AL: 30
QTY: 3
SP: -192
EM: 2
CS: 0.06666666666666667
Alignment:
GGCTAAATCGAGATTATGCAGTTTCTTGAT
ACCGAGGAACAAATACGCTGTGGGGTCAAC
ACGAATGCCATAGCCTCCGCCCTGGTGGCG

#: test11
AL: 30
QTY: 3
SP: -184
EM: 3
CS: 0.1
Alignment:
AGTGTTGCCGGGGCACCGTGGACCTTTCCA
AGTAGCTACCGCCTGGTTAACTCTAATGAC
TGCTCAACCCGTCGATAACTGCAGAACCGA

#: test12
AL: 30
QTY: 3
SP: -184
EM: 1
CS: 0.03333333333333333
Alignment:
TTGTTCTGCCACAGTTAGGATCGTAGGTAG
CTTTTTACGACTGGATCTCTCAGCTCTAAG
AACGCTTGCCCGGGGAGCCAAGTCAACTCC

#: test13
AL: 30
QTY: 3
SP: -208
EM: 2
CS: 0.06666666666666667
Alignment:
TACACGGCTCCCGAGGTCAGAGGCGGTGGT
ACGGCCTGTACGCACATTATGCCGGGATAG
AGTCACACTTACACATAAGCCCACCGAATA

#: test14
AL: 30
QTY: 3
SP: -232
EM: 0
CS: 0.0
Alignment:
ATCACTCATCTAGCAACGATCGGTTCCTTA
CTGGTGCTGTAATTTTATTTTTCACCG-GG
GGTCGTGCCGTCTCGGATTAATTGAGCAGG

#: test15
AL: 30
QTY: 3
SP: -232
EM: 1
CS: 0.03333333333333333
Alignment:
GTCCAGATCTGACAAGTAACAGTGATTGGT
TGTGATCAATCCTTGCCACGCCTACGCCGA
CGCATTGCACTTA-G-TGGCGAGTCCACGG

#: test16
AL: 30
QTY: 3
SP: -184
EM: 0
CS: 0.0
Alignment:
CCTCCTGATACTAGTATTGACTTTTGCAGA
GAACGTGGTTCCGGGTGTTTGCAGCGACTG
CCCAAGTGGCAAATGTAGGGGCTTTCATAA

#: test17
AL: 30
QTY: 3
SP: -184
EM: 0
CS: 0.0
Alignment:
TTATCCGCAAGCCGCTCGGTTCGGAGACCC
TAGCATAAAGCACTTAAGTGTCCCTAAAGA
ACGCGTAAGCACGTCGCTGTCTCCGGCTTA

#: test18
AL: 30
QTY: 3
SP: -160
EM: 1
CS: 0.03333333333333333
Alignment:
ACTTCGGGAGGGGTAGGGTAGCAGAGAGAC
ATAGAACTGGTGTATTGCAAGGACAGTGAT
AGTGGGGGGTAACTTTAATGTTGCTTAAGG

#: test19
AL: 30
QTY: 3
SP: -200
EM: 2
CS: 0.06666666666666667
Alignment:
CGCGTAGTCACAGAAGTTAATCAAACCGCT
TACTTTATGATTTCCACGGCATCAGCAAAA
GTGACACTGCAGAAACGAGACACATGGGAA

#: test20
AL: 31
QTY: 3
SP: -164
EM: 3
CS: 0.0967741935483871
Alignment:
GCTTTACCGCACATTGTGTCATAGGTCGTT-
AGGACTAAACCAACTAACCTTCGCGTA-TGA
GAACGCGGA-CAACCACCCTCCACGAC-TTC

#: test21
AL: 30
QTY: 3
SP: -208
EM: 1
CS: 0.03333333333333333
Alignment:
CGAATGATACTCCACGCAAGCCACCGTGCA
TCAACCTAACCTTGTCTGCTCCAGCAAGAG
ATGCGCAGATACGACTTTGATATTTGGTAC

#: test22
AL: 30
QTY: 3
SP: -216
EM: 0
CS: 0.0
Alignment:
CATTCTAGTAGCTTAACTTATCATTCGATT
TTGGGGTTCCCGCGGATGCGAACCATCGCT
CAATATTTGTGCCCGGGAGAGTGTACAATG

#: test23
AL: 30
QTY: 3
SP: -176
EM: 2
CS: 0.06666666666666667
Alignment:
AACGAGTTCCCAAGAAGCGCAAGGGGCGCG
ATCATCATAATTCATGTTGCGTAAAAGATG
TACCTATGAAGAACCTATCAAATCGAATCG

#: test24
AL: 30
QTY: 3
SP: -184
EM: 0
CS: 0.0
Alignment:
GCGCCTGTTGACAGACAGATTCCGCCCGAC
GTTCGAGTGCAATATGGAAATATTTTAGCC
TTTTTGAATCTCATAGGTCTCCGAGTGTAG

#: test25
AL: 31
QTY: 3
SP: -196
EM: 1
CS: 0.03225806451612903
Alignment:
AACCTGGTCATGTCATCGCGCCTTGGCATC-
GGGGCTATTGTTAGAAACTCAGCGCG-CCAT
G-GAAGACAATGATTAAACCTGCGGAG-GCA

#: test26
AL: 30
QTY: 3
SP: -232
EM: 0
CS: 0.0
Alignment:
AGGAGGGTTACTGACGAGAGGTAGTGAGAG
TTAAACTTGGGAGCGGCTTTCACCTAAGCC
TCGTTATGCCATCTTTTCATTATGGTCTTC

#: test27
AL: 30
QTY: 3
SP: -200
EM: 2
CS: 0.06666666666666667
Alignment:
GCACAGACCACCCCACAGCTCAAGGTAATT
GACGATGGATTACTCCCTCATCAGTCAGAT
AGTACGCACCACTAATTGACTTACCGAACC

#: test28
AL: 30
QTY: 3
SP: -128
EM: 2
CS: 0.06666666666666667
Alignment:
CACTCTTCCCATGCAACACCAGCAGGCCAA
ACATACTGGATGTCTACAGCCATGAATCGA
CTCCGTGGGATGATATGAGCGGCGGGATAC

#: test29
AL: 30
QTY: 3
SP: -200
EM: 1
CS: 0.03333333333333333
Alignment:
CTTGAATATGCCGCTCATCGGCATGAGGTT
GCGCGCTTGCTCGGCGACCTCTGTACCTCA
CGCTCTTGGTTGACAGTGGCCCCGAACTCG

#: test30
AL: 31
QTY: 3
SP: -148
EM: 3
CS: 0.0967741935483871
Alignment:
ACGGACAAAAGACTGGTCATAGGCAATACT-
ACGTTTTATTGTTGGCTAATCGGAACTATT-
TATAACC-GAAGCAGGTGTGGTTCTACAGGG

#: test31
AL: 30
QTY: 3
SP: -240
EM: 0
CS: 0.0
Alignment:
GCCAGTGCACCACGCATATAGGTCGCGGAA
AGACCCCAGTTCACATCCCAAAATTCACCA
GAGGATATTCAGATCCT-CC-ATCCAGACT

#: test32
AL: 32
QTY: 3
SP: -224
EM: 3
CS: 0.09375
Alignment:
AATTTTCGTGCATTGCGGAAGCTAGCGACC--
GAAATATTAGCGGATCTTTACTCTACA-TCC-
TCCCGCGCGAACAA-GAGGACCAGCCA-TCGT

#: test33
AL: 30
QTY: 3
SP: -144
EM: 1
CS: 0.03333333333333333
Alignment:
GAAGTGTGTCTTACTACAAAATGTCACCGG
TAACAATATCGGCTTTCACCAATCGAGCGG
AGTGAAGGCGGCTCCTTAAATAAGCGCACA

#: test34
AL: 30
QTY: 3
SP: -144
EM: 3
CS: 0.1
Alignment:
CACTTGGTTTGTATTAAGGGGTGATTACGT
AGCCGGGCTGGACTCATAGCGCGCAACATA
CCTGAAGCATCACTT-TGTCTGGA-CGGTG

#: test35
AL: 30
QTY: 3
SP: -128
EM: 4
CS: 0.13333333333333333
Alignment:
AGTGCGGGATACACGTAAGCTGTTCGCGTC
AGCGTTACAACTCCTGGACATTGGTACTTG
TGGATCGTTTTACCCCGACCGTCCCAAGTG

#: test36
AL: 32
QTY: 3
SP: -144
EM: 4
CS: 0.125
Alignment:
GTACGATAGAATACATTAAGCCTACGCCAT--
TTATCATAGGAGGTCTCACGCCGTATG-CTT-
TCAGGTATTATGGGCCG-AGCGAGACC-GTGG

#: test37
AL: 30
QTY: 3
SP: -120
EM: 3
CS: 0.1
Alignment:
TACAGAAACCGTTATAGTAACTAGAGACGT
TGAGGCGACTGTAGTTGGAGTAGATGAGCG
TACGCCGCTACAAATTCACACATTAGGTTT

#: test38
AL: 31
QTY: 3
SP: -244
EM: 0
CS: 0.0
Alignment:
AAATCAGAGGCAATGGTTATCACCATAAGT-
TGTGAGAATTACCATACGTGATTTGG-AGTT
CATCGTTTCA-AATACCTCACTTAGCT-AAT

#: test39
AL: 30
QTY: 3
SP: -152
EM: 3
CS: 0.1
Alignment:
AGCGACTGCTTTCCCTAACCCACCCGTAAC
ATGTGGCTCTAGTTACATACCCTGGTACAC
TGCTCGTACAAGAAAGTCGCACGGAAACGC

#: test40
AL: 30
QTY: 3
SP: -120
EM: 5
CS: 0.16666666666666666
Alignment:
AGAAGATACATGTCGCAACTAACCTTTACT
TCGAGTCGCGTTGGGCGCTTTAAGAATGCT
AAGAGAACTAGCCTGTACATTCGAAGTGAA

#: test41
AL: 30
QTY: 3
SP: -200
EM: 1
CS: 0.03333333333333333
Alignment:
TTCTCGCGCCGTCTATCGTCGCTTCACGAA
ACATACGGCGCATTGACCCAGTTAACA-AA
CGACCAAATCGCACATCAGAAAGCTCCCCC

#: test42
AL: 30
QTY: 3
SP: -136
EM: 3
CS: 0.1
Alignment:
GTGGACAAGGCACGGGCAGATTCGCAGTGA
TCCTCCCAGATGCTTGTATATGGTAGGAAC
CCGGTCCACTGGGGGTATCACTCCAATTAG

#: test43
AL: 30
QTY: 3
SP: -200
EM: 1
CS: 0.03333333333333333
Alignment:
GTGTCGATTTAATAGAGGACCTCAGGCGTA
TGGTAACACGGCTCCAATGGAGCAGAGTGA
CCAATCGCAGTTGAGTGGCCTTACGGTTTT

#: test44
AL: 31
QTY: 3
SP: -132
EM: 4
CS: 0.12903225806451613
Alignment:
ACCAGATAGATGTCTGCAGTGAGATTCCTG-
GAGTGCGCGATGGGGGTGCG-CGAGTAGTAG
CGTACCAGTCGGT-G-CGCGGCGATGTATTG

#: test45
AL: 30
QTY: 3
SP: -144
EM: 4
CS: 0.13333333333333333
Alignment:
GGGGTGATCGCAAGGCTTCGTAGATTGATC
GGCTAAGAGGCAATTACGAGTGCTCGTTAC
CGGAAGTTGCTCCCCTGGGGTCAAGTAAAC

#: test46
AL: 30
QTY: 3
SP: -216
EM: 1
CS: 0.03333333333333333
Alignment:
TGACACCTTGATTCGGAGCGATGCAGCGCG
ATGAGGTAGTGTCTTGGATCTGACTACCAC
TACTCCGTAACATATGGTACTGTTATAACC

#: test47
AL: 30
QTY: 3
SP: -168
EM: 3
CS: 0.1
Alignment:
TTTTTTGCATTGGCTATTACAGCTAACACC
GTAGGCCTTGACGGTGTTATCAGGGACACG
CGTCATAGGCGGGCCGAGTGCTCCTCTACG

#: test48
AL: 30
QTY: 3
SP: -152
EM: 2
CS: 0.06666666666666667
Alignment:
CTGAGATGGATACGCACCGCGGCAGGACCT
AATGAAGGCCATCTTCTTGAAGCCATTCAG
CTTGGACTGCTCTTGTGCCAGCCAAAAGGC

#: test49
AL: 32
QTY: 3
SP: -56
EM: 10
CS: 0.3125
Alignment:
TTTATAC-TAGCTATTGACCACGAGGGGATG-
TACGT-CGTATGGACGCATCACGATCG-ATAC
--GGTGC-T--C-ACCAATCAAGCTTGCA-AG

