Dataset name: test0
SP: -216
Alignment:
CCGCACTCCTGTACTCCATCCAATGATTAC
AACTAAGTCCTAGCCCATGCGTCGGAGTAG
CGTTCGTAAAGCTAGAACCGTAGGTTGCCG

Dataset name: test1
SP: -180
Alignment:
GCCCTTCACTGGATGCATGTATCGGGATCT-
ACCCAACGGAGGTCGTGCAAGTACTCT-CAC
T-TGTACATAAATTTACTGTGGTG-GGGTAG

Dataset name: test2
SP: -120
Alignment:
AGATGCCCGACATACAAAATAGCATGATCT
ACGGCGACCTATTTCTGAACAACAACTGTT
ACACAACAAGCCTACCCGAATAACTTATCT

Dataset name: test3
SP: -240
Alignment:
AATAGGACCACGCATTTAATATATATGCTC--
GAGTCAGCTACTTGAAAACGCCTAGGG-AGA-
TTCGTTGTTA-ACTTCAGCTAAAGCAA-GAAT

Dataset name: test4
SP: -168
Alignment:
CGCCACATCGCTTCACCCCTAAACTTGTAC
AACACGAGTATGTGCAAACGACAACCCAAA
GAGTGATTGGTAGTGAAATGACGTACGTAC

Dataset name: test5
SP: -104
Alignment:
AGTCTCGACGCGACCACCGATTATGACATT
CCTTTGGCCATCAGGAAAGTAGGCCGCATA
TGTACCGTATCCGGCAGCGCAGATCCCCCG

Dataset name: test6
SP: -220
Alignment:
AGTAAAACGTAGTTATGCAGCTTAATAAAT-
CCAAACATAGTCCAGGCGGTTAGAGTG-GCC
AAGAGGTTTTGCC-CACCTTATGACAC-CGA

Dataset name: test7
SP: -244
Alignment:
AAATATTGCGACCATACTGACATACACCAC-
CTTTCCGCATAACCGTA-TACGCATTGACGT
GCGGCACCTAGGGGAAACGCGAGAATGGGA-

Dataset name: test8
SP: -176
Alignment:
ACTGATTTGGGGCGCTGAATACGCTCCCGA
TTTATAGTCATTGGCGTAGGCGCTAATGTC
CTGGTGGTTTCCGTCGTTTTTGCCAAACCG

Dataset name: test9
SP: -168
Alignment:
GTGGCAAACCGGCTACGTACTCCATTTTTC
AACCGTCTTTACCGCGCTTCTGGTGGGTTC
GCGAGTGAGAGCGTACTCGCGGCCCGCGCC

Dataset name: test10
SP: -172
Alignment:
GGCTAAATCGAGATTATGCAGTTTCTTGAT-
ACCGAGGAACAAATACGCTGTGGGGTC-AAC
AC-GAATGCCATAGCCTCCGCCC-TGGTGGC

Dataset name: test11
SP: -164
Alignment:
AGTGTTGCCGGGGCACCGTGGACCTTTCCA-
AGTAGCTACCGCCT-GGTTAACTCTAATGAC
TGCTCAACCCGTCGATAACTGCAGAACCGA-

Dataset name: test12
SP: -184
Alignment:
TTGTTCTGCCACAGTTAGGATCGTAGGTAG
CTTTTTACGACTGGATCTCTCAGCTCTAAG
AACGCTTGCCCGGGGAGCCAAGTCAACTCC

Dataset name: test13
SP: -208
Alignment:
TACACGGCTCCCGAGGTCAGAGGCGGTGGT
ACGGCCTGTACGCACATTATGCCGGGATAG
AGTCACACTTACACATAAGCCCACCGAATA

Dataset name: test14
SP: -232
Alignment:
ATCACTCATCTAGCAACGATCGGTTCCTTA
CTGGTGCTGTAATTTTATTTTTCACCG-GG
GGTCGTGCCGTCTCGGATTAATTGAGCAGG

Dataset name: test15
SP: -256
Alignment:
GTCCAGATCTGACAAGTAACAGTGATTGGT--
TGTGATCAATCCTTGCCACGCCTACGCCGA--
CGCATTGCACTTA-G-TGGCGAGTCCACGGGT

Dataset name: test16
SP: -200
Alignment:
CCTCCTGATACTAGTATTGACTTTTGCAGA
GAACGTGGTTCCGGGTGTTTGCAGCGACTG
CCCAAGTGGCA-A-ATGTAGGGGCTTTC-A

Dataset name: test17
SP: -184
Alignment:
TTATCCGCAAGCCGCTCGGTTCGGAGACCC
TAGCATAAAGCACTTAAGTGTCCCTAAAGA
ACGCGTAAGCACGTCGCTGTCTCCGGCTTA

Dataset name: test18
SP: -168
Alignment:
ACTTCGGGAGGGGTAGGGTA-GCAGAGAGAC-
AT-AGAACTGGTGTATTGCAAGGACAG-TGAT
AGTGGGGGGTAACTTTAATGTTGCTTAAGG--

Dataset name: test19
SP: -200
Alignment:
CGCGTAGTCACAGAAGTTAATCAAACCGCT
TACTTTATGATTTCCACGGCATCAGCAAAA
GTGACACTGCAGAAACGAGACACATGGGAA

Dataset name: test20
SP: -176
Alignment:
GCTTTACCGCACATTGTGTCATAGGTCGTT--
AGGACTAAACCAACTAACCTTCGCGTA-TGA-
GAACGCGGA-CAACCACCCTCCACGAC-TTCC

Dataset name: test21
SP: -208
Alignment:
CGAATGATACTCCACGCAAGCCACCGTGCA
TCAACCTAACCTTGTCTGCTCCAGCAAGAG
ATGCGCAGATACGACTTTGATATTTGGTAC

Dataset name: test22
SP: -216
Alignment:
CATTCTAGTAGCTTAACTTATCATTCGATT
TTGGGGTTCCCGCGGATGCGAACCATCGCT
CAATATTTGTGCCCGGGAGAGTGTACAATG

Dataset name: test23
SP: -176
Alignment:
AACGAGTTCCCAAGAAGCGCAAGGGGCGCG
ATCATCATAATTCATGTTGCGTAAAAGATG
TACCTATGAAGAACCTATCAAATCGAATCG

Dataset name: test24
SP: -184
Alignment:
GCGCCTGTTGACAGACAGATTCCGCCCGAC
GTTCGAGTGCAATATGGAAATATTTTAGCC
TTTTTGAATCTCATAGGTCTCCGAGTGTAG

Dataset name: test25
SP: -192
Alignment:
AACCTGGTCATGTCATCGCGCCTTGGCATC
GGGGCTATTGTTAGAAACTCAGCGCGCCAT
GGAAGACAATGATTAAACCTGCGGAGGCAC

Dataset name: test26
SP: -232
Alignment:
AGGAGGGTTACTGACGAGAGGTAGTGAGAG
TTAAACTTGGGAGCGGCTTTCACCTAAGCC
TCGTTATGCCATCTTTTCATTATGGTCTTC

Dataset name: test27
SP: -184
Alignment:
GCACAGACCACCCCACAGCTCAAGGTAATT
GACGATGGATTACTCCCTCATCAGTCAGAT
AGTACGC-ACCACTAATTGACTTACCG-AA

Dataset name: test28
SP: -128
Alignment:
CACTCTTCCCATGCAACACCAGCAGGCCAA
ACATACTGGATGTCTACAGCCATGAATCGA
CTCCGTGGGATGATATGAGCGGCGGGATAC

Dataset name: test29
SP: -200
Alignment:
CTTGAATATGCCGCTCATCGGCATGAGGTT
GCGCGCTTGCTCGGCGACCTCTGTACCTCA
CGCTCTTGGTTGACAGTGGCCCCGAACTCG

Dataset name: test30
SP: -148
Alignment:
ACGGACAAAAGACTGGTCATAGGCAATACT-
ACGTTTTATTGTTGGCTAATCGGAACTATT-
TATAACC-GAAGCAGGTGTGGTTCTACAGGG

Dataset name: test31
SP: -244
Alignment:
GCCAGTGCACCACGCATATA-GGTCGCGGAA
AGACCCCAGTTCACATCCCA-AAATTCACCA
GAGGATATTCAGATCCTCCATCCAGACTTT-

Dataset name: test32
SP: -224
Alignment:
AATTTTCGTGCATTGCGGAAGCTAGCGACC--
GAAATATTAGCGGATCTTTACTCTACA-TCC-
TCCCGCGCGAACAA-GAGGACCAGCCA-TCGT

Dataset name: test33
SP: -144
Alignment:
GAAGTGTGTCTTACTACAAAATGTCACCGG
TAACAATATCGGCTTTCACCAATCGAGCGG
AGTGAAGGCGGCTCCTTAAATAAGCGCACA

Dataset name: test34
SP: -172
Alignment:
C-ACTTGGTTTGTATTAAGGGGTGATTACGT
AGCCGGGCTGGAC-TCATAGCGCGCAACATA
CCTGAAGCATCACTTTGTCTGGACGGTGCG-

Dataset name: test35
SP: -128
Alignment:
AGTGCGGGATACACGTAAGCTGTTCGCGTC
AGCGTTACAACTCCTGGACATTGGTACTTG
TGGATCGTTTTACCCCGACCGTCCCAAGTG

Dataset name: test36
SP: -136
Alignment:
GTACGATAGAATACATTAAGCCTACGCCAT
TTATCATAGGAGGTCTCACGCCGTATGCTT
TCAGGTATTATGGGCCGAGCGAGACCGTGG

Dataset name: test37
SP: -120
Alignment:
TACAGAAACCGTTATAGTAACTAGAGACGT
TGAGGCGACTGTAGTTGGAGTAGATGAGCG
TACGCCGCTACAAATTCACACATTAGGTTT

Dataset name: test38
SP: -256
Alignment:
AAATCAGAGGCAATGGTTATCACCATAAGT--
TGTGAGAATTACCATACGTGATTTGG-AGTT-
CATCGTTTCA-AATACCTCACTTAGCT-AATC

Dataset name: test39
SP: -152
Alignment:
AGCGACTGCTTTCCCTAACCCACCCGTAAC
ATGTGGCTCTAGTTACATACCCTGGTACAC
TGCTCGTACAAGAAAGTCGCACGGAAACGC

Dataset name: test40
SP: -120
Alignment:
AGAAGATACATGTCGCAACTAACCTTTACT
TCGAGTCGCGTTGGGCGCTTTAAGAATGCT
AAGAGAACTAGCCTGTACATTCGAAGTGAA

Dataset name: test41
SP: -212
Alignment:
TTCTCGCGCCGTCTATCGTCGCTTCACGAA-
ACATACGGCGCATTGACCCAGTTAACA-AAG
CGACCAAATCGCACATCAGAAAGCTCCCCC-

Dataset name: test42
SP: -148
Alignment:
GTGGACAAGGCACGGGCAGATTCGCAGTGA-
TC-CTCCCAGATGCTTGTATATGGTAGGAAC
CCGGTCCACTGGGGGTATCACTCCAATTAG-

Dataset name: test43
SP: -200
Alignment:
GTGTCGATTTAATAGAGGACCTCAGGCGTA
TGGTAACACGGCTCCAATGGAGCAGAGTGA
CCAATCGCAGTTGAGTGGCCTTACGGTTTT

Dataset name: test44
SP: -144
Alignment:
ACCAGATAGATGTCTGCAGTGAGATTCCTG--
GAGTGCGCGATGGGGGTGCG-CGAGTAGTAG-
CGTACCAGTCGGT-G-CGCGGCGATGTATTGT

Dataset name: test45
SP: -144
Alignment:
GGGGTGATCGCAAGGCTTCGTAGATTGATC
GGCTAAGAGGCAATTACGAGTGCTCGTTAC
CGGAAGTTGCTCCCCTGGGGTCAAGTAAAC

Dataset name: test46
SP: -156
Alignment:
TGACACCT-TGATTCGGAGCGATGCAGCGCG
ATGAGGTAGTGTCTTGGATCTGACTACCAC-
TACTCCGTAACATATGGTACTGTTATAACC-

Dataset name: test47
SP: -168
Alignment:
TTTTTTGCATTGGCTATTACAGCTAACACC
GTAGGCCTTGACGGTGTTATCAGGGACACG
CGTCATAGGCGGGCCGAGTGCTCCTCTACG

Dataset name: test48
SP: -152
Alignment:
CTGAGATGGATACGCACCGCGGCAGGACCT
AATGAAGGCCATCTTCTTGAAGCCATTCAG
CTTGGACTGCTCTTGTGCCAGCCAAAAGGC

Dataset name: test49
SP: -116
Alignment:
TTTATAC-TAGCTATTGACCACGAGGGGATG------
TACGT-CGTATGGACGCATCACGATCG-ATAC-----
-G-GTGC-T--C-ACCAATCAAGCTTGCA-AGTTGTC

